<?xml version="1.0" encoding="UTF-8"?>
<!-- Generated by org.testng.reporters.JUnitReportReporter -->
<testsuite hostname="DESKTOP-PNIJDNB" failures="0" tests="1" name="com.simplilearn.demo.FirstDemo" time="0.008" errors="0" timestamp="2022-05-13T12:19:44 IST" skipped="0">
  <testcase classname="com.simplilearn.demo.FirstDemo" name="Hello" time="0.008"/>
  <system-out/>
</testsuite> <!-- com.simplilearn.demo.FirstDemo -->
