<?xml version="1.0" encoding="UTF-8"?>
<!-- Generated by org.testng.reporters.JUnitReportReporter -->
<testsuite hostname="DESKTOP-PNIJDNB" failures="0" tests="1" name="com.simplilearn.demo.Facebook" time="13.971" errors="0" timestamp="2022-05-13T11:41:45 IST" skipped="0">
  <testcase classname="com.simplilearn.demo.Facebook" name="welcome" time="13.971"/>
  <system-out/>
</testsuite> <!-- com.simplilearn.demo.Facebook -->
