<?xml version="1.0" encoding="UTF-8"?>
<!-- Generated by org.testng.reporters.JUnitReportReporter -->
<testsuite hostname="DESKTOP-PNIJDNB" failures="0" tests="2" name="com.simplilearn.demo.AssertionDemo" time="10.805" errors="0" timestamp="2022-05-13T12:31:34 IST" skipped="0">
  <testcase classname="com.simplilearn.demo.AssertionDemo" name="login" time="4.516"/>
  <system-out/>
  <testcase classname="com.simplilearn.demo.AssertionDemo" name="tittleTest" time="6.289"/>
  <system-out/>
</testsuite> <!-- com.simplilearn.demo.AssertionDemo -->
